2026-04-03 12:13:15,393 ERROR scheduler Exception in Enqueue Events for Site ocr.localhost
Traceback (most recent call last):
  File "env/lib/python3.11/site-packages/pymysql/connections.py", line 649, in connect
    sock = socket.create_connection(
           ^^^^^^^^^^^^^^^^^^^^^^^^^
  File "/home/soulaymazay/.pyenv/versions/3.11.8/lib/python3.11/socket.py", line 851, in create_connection
    raise exceptions[0]
  File "/home/soulaymazay/.pyenv/versions/3.11.8/lib/python3.11/socket.py", line 836, in create_connection
    sock.connect(sa)
ConnectionRefusedError: [Errno 111] Connection refused

During handling of the above exception, another exception occurred:

Traceback (most recent call last):
  File "apps/frappe/frappe/utils/scheduler.py", line 75, in enqueue_events_for_site
    if is_scheduler_inactive():
       ^^^^^^^^^^^^^^^^^^^^^^^
  File "apps/frappe/frappe/utils/scheduler.py", line 119, in is_scheduler_inactive
    if is_scheduler_disabled(verbose=verbose):
       ^^^^^^^^^^^^^^^^^^^^^^^^^^^^^^^^^^^^^^
  File "apps/frappe/frappe/utils/scheduler.py", line 132, in is_scheduler_disabled
    frappe.db.get_single_value("System Settings", "enable_scheduler")
  File "apps/frappe/frappe/database/database.py", line 858, in get_single_value
    ).run()
      ^^^^^
  File "apps/frappe/frappe/query_builder/utils.py", line 87, in execute_query
    result = frappe.db.sql(query, params, *args, **kwargs)  # nosemgrep
             ^^^^^^^^^^^^^^^^^^^^^^^^^^^^^^^^^^^^^^^^^^^^^
  File "apps/frappe/frappe/database/database.py", line 221, in sql
    self.connect()
  File "apps/frappe/frappe/database/database.py", line 126, in connect
    self._conn: "MariadbConnection" | "PostgresConnection" = self.get_connection()
                                                             ^^^^^^^^^^^^^^^^^^^^^
  File "apps/frappe/frappe/database/mariadb/database.py", line 104, in get_connection
    conn = self._get_connection()
           ^^^^^^^^^^^^^^^^^^^^^^
  File "apps/frappe/frappe/database/mariadb/database.py", line 110, in _get_connection
    return self.create_connection()
           ^^^^^^^^^^^^^^^^^^^^^^^^
  File "apps/frappe/frappe/database/mariadb/database.py", line 113, in create_connection
    return pymysql.connect(**self.get_connection_settings())
           ^^^^^^^^^^^^^^^^^^^^^^^^^^^^^^^^^^^^^^^^^^^^^^^^^
  File "env/lib/python3.11/site-packages/pymysql/connections.py", line 361, in __init__
    self.connect()
  File "env/lib/python3.11/site-packages/pymysql/connections.py", line 716, in connect
    raise exc
pymysql.err.OperationalError: (2003, "Can't connect to MySQL server on '127.0.0.1' ([Errno 111] Connection refused)")

2026-04-04 00:23:08,628 ERROR scheduler Skipped queueing frappe.monitor.flush because it was found in queue for ocr.localhost
