self=$$;  ( mysqldump --single-transaction --quick --lock-tables=false -u _7716bdce63e3d38f -p********** _7716bdce63e3d38f -h 127.0.0.1 -P 3306   || kill $self )  | /usr/bin/gzip >> ./ocr.localhost/private/backups/20260402_230003-ocr_localhost-database.sql.gz

Backup Summary for ocr.localhost at 2026-04-02 23:00:04.194733
Config  : ./ocr.localhost/private/backups/20260402_230003-ocr_localhost-site_config_backup.json 94.0B
Database: ./ocr.localhost/private/backups/20260402_230003-ocr_localhost-database.sql.gz         219.5KiB
Backup for Site ocr.localhost has been successfully completed
self=$$;  ( mysqldump --single-transaction --quick --lock-tables=false -u _7716bdce63e3d38f -p********** _7716bdce63e3d38f -h 127.0.0.1 -P 3306   || kill $self )  | /usr/bin/gzip >> ./ocr.localhost/private/backups/20260403_230003-ocr_localhost-database.sql.gz

Backup Summary for ocr.localhost at 2026-04-03 23:00:04.668136
Config  : ./ocr.localhost/private/backups/20260403_230003-ocr_localhost-site_config_backup.json 246.0B
Database: ./ocr.localhost/private/backups/20260403_230003-ocr_localhost-database.sql.gz         229.6KiB
Backup for Site ocr.localhost has been successfully completed
self=$$;  ( mysqldump --single-transaction --quick --lock-tables=false -u _7716bdce63e3d38f -p********** _7716bdce63e3d38f -h 127.0.0.1 -P 3306   || kill $self )  | /usr/bin/gzip >> ./ocr.localhost/private/backups/20260404_110003-ocr_localhost-database.sql.gz

Backup Summary for ocr.localhost at 2026-04-04 11:00:04.687370
Config  : ./ocr.localhost/private/backups/20260404_110003-ocr_localhost-site_config_backup.json 246.0B
Database: ./ocr.localhost/private/backups/20260404_110003-ocr_localhost-database.sql.gz         232.8KiB
Backup for Site ocr.localhost has been successfully completed
self=$$;  ( mysqldump --single-transaction --quick --lock-tables=false -u _7716bdce63e3d38f -p********** _7716bdce63e3d38f -h 127.0.0.1 -P 3306   || kill $self )  | /usr/bin/gzip >> ./ocr.localhost/private/backups/20260404_170003-ocr_localhost-database.sql.gz

Backup Summary for ocr.localhost at 2026-04-04 17:00:04.407112
Config  : ./ocr.localhost/private/backups/20260404_170003-ocr_localhost-site_config_backup.json 246.0B
Database: ./ocr.localhost/private/backups/20260404_170003-ocr_localhost-database.sql.gz         238.4KiB
Backup for Site ocr.localhost has been successfully completed
self=$$;  ( mysqldump --single-transaction --quick --lock-tables=false -u _7716bdce63e3d38f -p********** _7716bdce63e3d38f -h 127.0.0.1 -P 3306   || kill $self )  | /usr/bin/gzip >> ./ocr.localhost/private/backups/20260404_230003-ocr_localhost-database.sql.gz

Backup Summary for ocr.localhost at 2026-04-04 23:00:04.782588
Config  : ./ocr.localhost/private/backups/20260404_230003-ocr_localhost-site_config_backup.json 246.0B
Database: ./ocr.localhost/private/backups/20260404_230003-ocr_localhost-database.sql.gz         246.3KiB
Backup for Site ocr.localhost has been successfully completed
self=$$;  ( mysqldump --single-transaction --quick --lock-tables=false -u _7716bdce63e3d38f -p********** _7716bdce63e3d38f -h 127.0.0.1 -P 3306   || kill $self )  | /usr/bin/gzip >> ./ocr.localhost/private/backups/20260405_230003-ocr_localhost-database.sql.gz

Backup Summary for ocr.localhost at 2026-04-05 23:00:04.654572
Config  : ./ocr.localhost/private/backups/20260405_230003-ocr_localhost-site_config_backup.json 246.0B
Database: ./ocr.localhost/private/backups/20260405_230003-ocr_localhost-database.sql.gz         248.5KiB
Backup for Site ocr.localhost has been successfully completed
self=$$;  ( mysqldump --single-transaction --quick --lock-tables=false -u _7716bdce63e3d38f -p********** _7716bdce63e3d38f -h 127.0.0.1 -P 3306   || kill $self )  | /usr/bin/gzip >> ./ocr.localhost/private/backups/20260406_110002-ocr_localhost-database.sql.gz

Backup Summary for ocr.localhost at 2026-04-06 11:00:03.182756
Config  : ./ocr.localhost/private/backups/20260406_110002-ocr_localhost-site_config_backup.json 246.0B
Database: ./ocr.localhost/private/backups/20260406_110002-ocr_localhost-database.sql.gz         254.0KiB
Backup for Site ocr.localhost has been successfully completed
self=$$;  ( mysqldump --single-transaction --quick --lock-tables=false -u _7716bdce63e3d38f -p********** _7716bdce63e3d38f -h 127.0.0.1 -P 3306   || kill $self )  | /usr/bin/gzip >> ./ocr.localhost/private/backups/20260407_110003-ocr_localhost-database.sql.gz

Backup Summary for ocr.localhost at 2026-04-07 11:00:04.426447
Config  : ./ocr.localhost/private/backups/20260407_110003-ocr_localhost-site_config_backup.json 246.0B
Database: ./ocr.localhost/private/backups/20260407_110003-ocr_localhost-database.sql.gz         258.8KiB
Backup for Site ocr.localhost has been successfully completed
self=$$;  ( mysqldump --single-transaction --quick --lock-tables=false -u _7716bdce63e3d38f -p********** _7716bdce63e3d38f -h 127.0.0.1 -P 3306   || kill $self )  | /usr/bin/gzip >> ./ocr.localhost/private/backups/20260407_230003-ocr_localhost-database.sql.gz

Backup Summary for ocr.localhost at 2026-04-07 23:00:04.857598
Config  : ./ocr.localhost/private/backups/20260407_230003-ocr_localhost-site_config_backup.json 246.0B
Database: ./ocr.localhost/private/backups/20260407_230003-ocr_localhost-database.sql.gz         264.2KiB
Backup for Site ocr.localhost has been successfully completed
self=$$;  ( mysqldump --single-transaction --quick --lock-tables=false -u _7716bdce63e3d38f -p********** _7716bdce63e3d38f -h 127.0.0.1 -P 3306   || kill $self )  | /usr/bin/gzip >> ./ocr.localhost/private/backups/20260408_110002-ocr_localhost-database.sql.gz

Backup Summary for ocr.localhost at 2026-04-08 11:00:04.143503
Config  : ./ocr.localhost/private/backups/20260408_110002-ocr_localhost-site_config_backup.json 246.0B
Database: ./ocr.localhost/private/backups/20260408_110002-ocr_localhost-database.sql.gz         813.2KiB
Backup for Site ocr.localhost has been successfully completed
self=$$;  ( mysqldump --single-transaction --quick --lock-tables=false -u _7716bdce63e3d38f -p********** _7716bdce63e3d38f -h 127.0.0.1 -P 3306   || kill $self )  | /usr/bin/gzip >> ./ocr.localhost/private/backups/20260408_170002-ocr_localhost-database.sql.gz

Backup Summary for ocr.localhost at 2026-04-08 17:00:04.998148
Config  : ./ocr.localhost/private/backups/20260408_170002-ocr_localhost-site_config_backup.json 246.0B
Database: ./ocr.localhost/private/backups/20260408_170002-ocr_localhost-database.sql.gz         824.8KiB
Backup for Site ocr.localhost has been successfully completed
self=$$;  ( mysqldump --single-transaction --quick --lock-tables=false -u _7716bdce63e3d38f -p********** _7716bdce63e3d38f -h 127.0.0.1 -P 3306   || kill $self )  | /usr/bin/gzip >> ./ocr.localhost/private/backups/20260409_110002-ocr_localhost-database.sql.gz

Backup Summary for ocr.localhost at 2026-04-09 11:00:04.327617
Config  : ./ocr.localhost/private/backups/20260409_110002-ocr_localhost-site_config_backup.json 246.0B
Database: ./ocr.localhost/private/backups/20260409_110002-ocr_localhost-database.sql.gz         829.6KiB
Backup for Site ocr.localhost has been successfully completed
self=$$;  ( mysqldump --single-transaction --quick --lock-tables=false -u _7716bdce63e3d38f -p********** _7716bdce63e3d38f -h 127.0.0.1 -P 3306   || kill $self )  | /usr/bin/gzip >> ./ocr.localhost/private/backups/20260409_170003-ocr_localhost-database.sql.gz

Backup Summary for ocr.localhost at 2026-04-09 17:00:05.098244
Config  : ./ocr.localhost/private/backups/20260409_170003-ocr_localhost-site_config_backup.json 246.0B
Database: ./ocr.localhost/private/backups/20260409_170003-ocr_localhost-database.sql.gz         831.4KiB
Backup for Site ocr.localhost has been successfully completed
self=$$;  ( mysqldump --single-transaction --quick --lock-tables=false -u _7716bdce63e3d38f -p********** _7716bdce63e3d38f -h 127.0.0.1 -P 3306   || kill $self )  | /usr/bin/gzip >> ./ocr.localhost/private/backups/20260409_230003-ocr_localhost-database.sql.gz

Backup Summary for ocr.localhost at 2026-04-09 23:00:06.817945
Config  : ./ocr.localhost/private/backups/20260409_230003-ocr_localhost-site_config_backup.json 246.0B
Database: ./ocr.localhost/private/backups/20260409_230003-ocr_localhost-database.sql.gz         849.9KiB
Backup for Site ocr.localhost has been successfully completed
self=$$;  ( mysqldump --single-transaction --quick --lock-tables=false -u _7716bdce63e3d38f -p********** _7716bdce63e3d38f -h 127.0.0.1 -P 3306   || kill $self )  | /usr/bin/gzip >> ./ocr.localhost/private/backups/20260410_050004-ocr_localhost-database.sql.gz

Backup Summary for ocr.localhost at 2026-04-10 05:00:07.222743
Config  : ./ocr.localhost/private/backups/20260410_050004-ocr_localhost-site_config_backup.json 246.0B
Database: ./ocr.localhost/private/backups/20260410_050004-ocr_localhost-database.sql.gz         857.1KiB
Backup for Site ocr.localhost has been successfully completed
self=$$;  ( mysqldump --single-transaction --quick --lock-tables=false -u _7716bdce63e3d38f -p********** _7716bdce63e3d38f -h 127.0.0.1 -P 3306   || kill $self )  | /usr/bin/gzip >> ./ocr.localhost/private/backups/20260410_110003-ocr_localhost-database.sql.gz

Backup Summary for ocr.localhost at 2026-04-10 11:00:05.037042
Config  : ./ocr.localhost/private/backups/20260410_110003-ocr_localhost-site_config_backup.json 246.0B
Database: ./ocr.localhost/private/backups/20260410_110003-ocr_localhost-database.sql.gz         863.9KiB
Backup for Site ocr.localhost has been successfully completed
self=$$;  ( mysqldump --single-transaction --quick --lock-tables=false -u _7716bdce63e3d38f -p********** _7716bdce63e3d38f -h 127.0.0.1 -P 3306   || kill $self )  | /usr/bin/gzip >> ./ocr.localhost/private/backups/20260411_110003-ocr_localhost-database.sql.gz

Backup Summary for ocr.localhost at 2026-04-11 11:00:06.943309
Config  : ./ocr.localhost/private/backups/20260411_110003-ocr_localhost-site_config_backup.json 246.0B
Database: ./ocr.localhost/private/backups/20260411_110003-ocr_localhost-database.sql.gz         877.5KiB
Backup for Site ocr.localhost has been successfully completed
self=$$;  ( mysqldump --single-transaction --quick --lock-tables=false -u _7716bdce63e3d38f -p********** _7716bdce63e3d38f -h 127.0.0.1 -P 3306   || kill $self )  | /usr/bin/gzip >> ./ocr.localhost/private/backups/20260411_230003-ocr_localhost-database.sql.gz

Backup Summary for ocr.localhost at 2026-04-11 23:00:06.591420
Config  : ./ocr.localhost/private/backups/20260411_230003-ocr_localhost-site_config_backup.json 246.0B
Database: ./ocr.localhost/private/backups/20260411_230003-ocr_localhost-database.sql.gz         884.0KiB
Backup for Site ocr.localhost has been successfully completed
